\BOOKMARK [-1][-]{part.1}{\376\377\000I\000\040\000P\000R\000O\000Y\000E\000C\000T\000O}{}% 1
\BOOKMARK [0][-]{chapter.1}{\376\377\000A\000D\000M}{part.1}% 2
\BOOKMARK [1][-]{section.1.1}{\376\377\000I\000n\000t\000r\000o\000d\000u\000c\000c\000i\000\363\000n}{chapter.1}% 3
\BOOKMARK [1][-]{section.1.2}{\376\377\000\277\000Q\000u\000\351\000\040\000e\000s\000\040\000A\000D\000M\000?}{chapter.1}% 4
\BOOKMARK [1][-]{section.1.3}{\376\377\000C\000a\000r\000a\000c\000t\000e\000r\000\355\000s\000t\000i\000c\000a\000s\000\040\000d\000e\000\040\000A\000D\000M}{chapter.1}% 5
\BOOKMARK [1][-]{section.1.4}{\376\377\000F\000a\000s\000e\000s\000\040\000d\000e\000\040\000A\000D\000M}{chapter.1}% 6
\BOOKMARK [0][-]{chapter.2}{\376\377\000A\000r\000c\000h\000i\000m\000a\000t\000e}{part.1}% 7
\BOOKMARK [1][-]{section.2.1}{\376\377\000I\000n\000t\000r\000o\000d\000u\000c\000c\000i\000\363\000n}{chapter.2}% 8
\BOOKMARK [1][-]{section.2.2}{\376\377\000\277\000Q\000u\000\351\000\040\000e\000s\000\040\000A\000r\000c\000h\000i\000m\000a\000t\000e\000?}{chapter.2}% 9
\BOOKMARK [1][-]{section.2.3}{\376\377\000C\000a\000r\000a\000c\000t\000e\000r\000\355\000s\000t\000i\000c\000a\000s}{chapter.2}% 10
\BOOKMARK [-1][-]{part.2}{\376\377\000I\000I\000\040\000A\000R\000Q\000U\000I\000T\000E\000C\000T\000U\000R\000A\000\040\000E\000M\000P\000R\000E\000S\000A\000R\000I\000A\000L}{}% 11
\BOOKMARK [0][-]{chapter.3}{\376\377\000M\000o\000t\000i\000v\000a\000c\000i\000\363\000n}{part.2}% 12
\BOOKMARK [1][-]{section.3.1}{\376\377\000S\000t\000a\000k\000e\000h\000o\000l\000d\000e\000r}{chapter.3}% 13
\BOOKMARK [2][-]{subsection.3.1.1}{\376\377\000M\000o\000d\000e\000l\000o}{section.3.1}% 14
\BOOKMARK [2][-]{subsection.3.1.2}{\376\377\000C\000a\000s\000o}{section.3.1}% 15
\BOOKMARK [1][-]{section.3.2}{\376\377\000R\000e\000a\000l\000i\000z\000a\000c\000i\000\363\000n\000\040\000d\000e\000\040\000O\000b\000j\000e\000t\000i\000v\000o}{chapter.3}% 16
\BOOKMARK [2][-]{subsection.3.2.1}{\376\377\000M\000o\000d\000e\000l\000o}{section.3.2}% 17
\BOOKMARK [2][-]{subsection.3.2.2}{\376\377\000C\000a\000s\000o}{section.3.2}% 18
\BOOKMARK [1][-]{section.3.3}{\376\377\000C\000o\000n\000t\000r\000i\000b\000u\000c\000i\000\363\000n\000\040\000d\000e\000\040\000O\000b\000j\000e\000t\000i\000v\000o\000s}{chapter.3}% 19
\BOOKMARK [2][-]{subsection.3.3.1}{\376\377\000M\000o\000d\000e\000l\000o}{section.3.3}% 20
\BOOKMARK [2][-]{subsection.3.3.2}{\376\377\000C\000a\000s\000o}{section.3.3}% 21
\BOOKMARK [1][-]{section.3.4}{\376\377\000P\000r\000i\000n\000c\000i\000p\000i\000o\000s}{chapter.3}% 22
\BOOKMARK [2][-]{subsection.3.4.1}{\376\377\000M\000o\000d\000e\000l\000o}{section.3.4}% 23
\BOOKMARK [2][-]{subsection.3.4.2}{\376\377\000C\000a\000s\000o}{section.3.4}% 24
\BOOKMARK [1][-]{section.3.5}{\376\377\000R\000e\000a\000l\000i\000z\000a\000c\000i\000\363\000n\000\040\000d\000e\000\040\000R\000e\000q\000u\000e\000r\000i\000m\000i\000e\000n\000t\000o\000s}{chapter.3}% 25
\BOOKMARK [2][-]{subsection.3.5.1}{\376\377\000M\000o\000d\000e\000l\000o}{section.3.5}% 26
\BOOKMARK [2][-]{subsection.3.5.2}{\376\377\000C\000a\000s\000o}{section.3.5}% 27
\BOOKMARK [1][-]{section.3.6}{\376\377\000M\000o\000t\000i\000v\000a\000c\000i\000\363\000n}{chapter.3}% 28
\BOOKMARK [2][-]{subsection.3.6.1}{\376\377\000M\000o\000d\000e\000l\000o}{section.3.6}% 29
\BOOKMARK [2][-]{subsection.3.6.2}{\376\377\000C\000a\000s\000o}{section.3.6}% 30
\BOOKMARK [0][-]{chapter.4}{\376\377\000N\000e\000g\000o\000c\000i\000o}{part.2}% 31
\BOOKMARK [1][-]{section.4.1}{\376\377\000O\000r\000g\000a\000n\000i\000z\000a\000c\000i\000\363\000n}{chapter.4}% 32
\BOOKMARK [2][-]{subsection.4.1.1}{\376\377\000M\000o\000d\000e\000l\000o}{section.4.1}% 33
\BOOKMARK [2][-]{subsection.4.1.2}{\376\377\000C\000a\000s\000o}{section.4.1}% 34
\BOOKMARK [1][-]{section.4.2}{\376\377\000C\000o\000o\000p\000e\000r\000a\000c\000i\000\363\000n\000\040\000d\000e\000\040\000A\000c\000t\000o\000r}{chapter.4}% 35
\BOOKMARK [2][-]{subsection.4.2.1}{\376\377\000M\000o\000d\000e\000l\000o}{section.4.2}% 36
\BOOKMARK [2][-]{subsection.4.2.2}{\376\377\000C\000a\000s\000o}{section.4.2}% 37
\BOOKMARK [1][-]{section.4.3}{\376\377\000F\000u\000n\000c\000i\000\363\000n\000\040\000d\000e\000\040\000N\000e\000g\000o\000c\000i\000o}{chapter.4}% 38
\BOOKMARK [2][-]{subsection.4.3.1}{\376\377\000M\000o\000d\000e\000l\000o}{section.4.3}% 39
\BOOKMARK [2][-]{subsection.4.3.2}{\376\377\000C\000a\000s\000o}{section.4.3}% 40
\BOOKMARK [1][-]{section.4.4}{\376\377\000P\000r\000o\000c\000e\000s\000o\000\040\000d\000e\000\040\000N\000e\000g\000o\000c\000i\000o}{chapter.4}% 41
\BOOKMARK [2][-]{subsection.4.4.1}{\376\377\000M\000o\000d\000e\000l\000o}{section.4.4}% 42
\BOOKMARK [2][-]{subsection.4.4.2}{\376\377\000C\000a\000s\000o}{section.4.4}% 43
\BOOKMARK [1][-]{section.4.5}{\376\377\000C\000o\000o\000p\000e\000r\000a\000c\000i\000\363\000n\000\040\000d\000e\000\040\000P\000r\000o\000c\000e\000s\000o\000\040\000d\000e\000\040\000N\000e\000g\000o\000c\000i\000o}{chapter.4}% 44
\BOOKMARK [2][-]{subsection.4.5.1}{\376\377\000M\000o\000d\000e\000l\000o}{section.4.5}% 45
\BOOKMARK [2][-]{subsection.4.5.2}{\376\377\000C\000a\000s\000o}{section.4.5}% 46
\BOOKMARK [1][-]{section.4.6}{\376\377\000P\000r\000o\000d\000u\000c\000t\000o}{chapter.4}% 47
\BOOKMARK [2][-]{subsection.4.6.1}{\376\377\000M\000o\000d\000e\000l\000o}{section.4.6}% 48
\BOOKMARK [2][-]{subsection.4.6.2}{\376\377\000C\000a\000s\000o}{section.4.6}% 49
\BOOKMARK [0][-]{chapter.5}{\376\377\000A\000p\000l\000i\000c\000a\000c\000i\000\363\000n}{part.2}% 50
\BOOKMARK [1][-]{section.5.1}{\376\377\000C\000o\000m\000p\000o\000r\000t\000a\000m\000i\000e\000n\000t\000o\000\040\000d\000e\000\040\000l\000a\000\040\000A\000p\000l\000i\000c\000a\000c\000i\000\363\000n}{chapter.5}% 51
\BOOKMARK [2][-]{subsection.5.1.1}{\376\377\000M\000o\000d\000e\000l\000o}{section.5.1}% 52
\BOOKMARK [2][-]{subsection.5.1.2}{\376\377\000C\000a\000s\000o}{section.5.1}% 53
\BOOKMARK [1][-]{section.5.2}{\376\377\000C\000o\000o\000p\000e\000r\000a\000c\000i\000\363\000n\000\040\000d\000e\000\040\000A\000p\000l\000i\000c\000a\000c\000i\000\363\000n}{chapter.5}% 54
\BOOKMARK [2][-]{subsection.5.2.1}{\376\377\000M\000o\000d\000e\000l\000o}{section.5.2}% 55
\BOOKMARK [2][-]{subsection.5.2.2}{\376\377\000C\000a\000s\000o}{section.5.2}% 56
\BOOKMARK [1][-]{section.5.3}{\376\377\000E\000s\000t\000r\000u\000c\000t\000u\000r\000a\000\040\000d\000e\000\040\000a\000p\000l\000i\000c\000a\000c\000i\000\363\000n}{chapter.5}% 57
\BOOKMARK [2][-]{subsection.5.3.1}{\376\377\000M\000o\000d\000e\000l\000o}{section.5.3}% 58
\BOOKMARK [2][-]{subsection.5.3.2}{\376\377\000C\000a\000s\000o}{section.5.3}% 59
\BOOKMARK [1][-]{section.5.4}{\376\377\000U\000s\000o\000\040\000d\000e\000\040\000A\000p\000l\000i\000c\000a\000c\000i\000\363\000n}{chapter.5}% 60
\BOOKMARK [2][-]{subsection.5.4.1}{\376\377\000M\000o\000d\000e\000l\000o}{section.5.4}% 61
\BOOKMARK [2][-]{subsection.5.4.2}{\376\377\000C\000a\000s\000o}{section.5.4}% 62
\BOOKMARK [0][-]{chapter.6}{\376\377\000T\000e\000c\000n\000o\000l\000o\000g\000\355\000a}{part.2}% 63
\BOOKMARK [1][-]{section.6.1}{\376\377\000P\000u\000n\000t\000o\000\040\000d\000e\000\040\000V\000i\000s\000t\000a\000\040\000d\000e\000\040\000T\000e\000c\000n\000o\000l\000o\000g\000\355\000a}{chapter.6}% 64
\BOOKMARK [2][-]{subsection.6.1.1}{\376\377\000M\000o\000d\000e\000l\000o}{section.6.1}% 65
\BOOKMARK [2][-]{subsection.6.1.2}{\376\377\000C\000a\000s\000o}{section.6.1}% 66
\BOOKMARK [1][-]{section.6.2}{\376\377\000P\000u\000n\000t\000o\000\040\000d\000e\000\040\000V\000i\000s\000t\000a\000\040\000d\000e\000\040\000U\000s\000o\000\040\000d\000e\000\040\000T\000e\000c\000n\000o\000l\000o\000g\000\355\000a}{chapter.6}% 67
\BOOKMARK [2][-]{subsection.6.2.1}{\376\377\000M\000o\000d\000e\000l\000o}{section.6.2}% 68
\BOOKMARK [2][-]{subsection.6.2.2}{\376\377\000C\000a\000s\000o}{section.6.2}% 69
\BOOKMARK [1][-]{section.6.3}{\376\377\000P\000u\000n\000t\000o\000\040\000d\000e\000\040\000V\000i\000s\000t\000a\000\040\000d\000e\000\040\000D\000e\000s\000p\000l\000i\000e\000g\000u\000e\000\040\000e\000\040\000I\000m\000p\000l\000e\000m\000e\000n\000t\000a\000c\000i\000\363\000n}{chapter.6}% 70
\BOOKMARK [2][-]{subsection.6.3.1}{\376\377\000M\000o\000d\000e\000l\000o}{section.6.3}% 71
\BOOKMARK [2][-]{subsection.6.3.2}{\376\377\000C\000a\000s\000o}{section.6.3}% 72
\BOOKMARK [1][-]{section.6.4}{\376\377\000\040\000P\000u\000n\000t\000o\000\040\000d\000e\000\040\000V\000i\000s\000t\000a\000\040\000d\000e\000\040\000E\000s\000t\000r\000u\000c\000t\000u\000r\000a\000\040\000d\000e\000\040\000I\000n\000f\000o\000r\000m\000a\000c\000i\000\363\000n}{chapter.6}% 73
\BOOKMARK [2][-]{subsection.6.4.1}{\376\377\000M\000o\000d\000e\000l\000o}{section.6.4}% 74
\BOOKMARK [2][-]{subsection.6.4.2}{\376\377\000C\000a\000s\000o}{section.6.4}% 75
\BOOKMARK [1][-]{section.6.5}{\376\377\000\040\000P\000u\000n\000t\000o\000\040\000d\000e\000\040\000V\000i\000s\000t\000a\000\040\000d\000e\000\040\000R\000e\000a\000l\000i\000z\000a\000c\000i\000\363\000n\000\040\000d\000e\000l\000\040\000S\000e\000r\000v\000i\000c\000i\000o}{chapter.6}% 76
\BOOKMARK [2][-]{subsection.6.5.1}{\376\377\000M\000o\000d\000e\000l\000o}{section.6.5}% 77
\BOOKMARK [2][-]{subsection.6.5.2}{\376\377\000C\000a\000s\000o}{section.6.5}% 78
\BOOKMARK [1][-]{section.6.6}{\376\377\000P\000u\000n\000t\000o\000\040\000d\000e\000\040\000v\000i\000s\000t\000a\000\040\000f\000\355\000s\000i\000c\000o\000\040}{chapter.6}% 79
\BOOKMARK [2][-]{subsection.6.6.1}{\376\377\000M\000o\000d\000e\000l\000o}{section.6.6}% 80
\BOOKMARK [2][-]{subsection.6.6.2}{\376\377\000C\000a\000s\000o}{section.6.6}% 81
\BOOKMARK [1][-]{section.6.7}{\376\377\000P\000u\000n\000t\000o\000\040\000d\000e\000\040\000V\000i\000s\000t\000a\000\040\000d\000e\000\040\000C\000a\000p\000a\000s\000\040}{chapter.6}% 82
\BOOKMARK [2][-]{subsection.6.7.1}{\376\377\000M\000o\000d\000e\000l\000o}{section.6.7}% 83
\BOOKMARK [2][-]{subsection.6.7.2}{\376\377\000C\000a\000s\000o}{section.6.7}% 84
\BOOKMARK [0][-]{chapter.7}{\376\377\000M\000i\000g\000r\000a\000c\000i\000\363\000n\000\040\000e\000\040\000i\000m\000p\000l\000e\000m\000e\000n\000t\000a\000c\000i\000\363\000n}{part.2}% 85
\BOOKMARK [1][-]{section.7.1}{\376\377\000P\000u\000n\000t\000o\000\040\000d\000e\000\040\000V\000i\000s\000t\000a\000\040\000d\000e\000\040\000P\000r\000o\000y\000e\000c\000t\000o}{chapter.7}% 86
\BOOKMARK [2][-]{subsection.7.1.1}{\376\377\000M\000o\000d\000e\000l\000o}{section.7.1}% 87
\BOOKMARK [2][-]{subsection.7.1.2}{\376\377\000C\000a\000s\000o}{section.7.1}% 88
\BOOKMARK [1][-]{section.7.2}{\376\377\000P\000u\000n\000t\000o\000\040\000d\000e\000\040\000V\000i\000s\000t\000a\000\040\000d\000e\000\040\000M\000i\000g\000r\000a\000c\000i\000\363\000n}{chapter.7}% 89
\BOOKMARK [2][-]{subsection.7.2.1}{\376\377\000M\000o\000d\000e\000l\000o}{section.7.2}% 90
\BOOKMARK [2][-]{subsection.7.2.2}{\376\377\000C\000a\000s\000o}{section.7.2}% 91
\BOOKMARK [1][-]{section.7.3}{\376\377\000P\000u\000n\000t\000o\000\040\000d\000e\000\040\000V\000i\000s\000t\000a\000\040\000d\000e\000\040\000I\000m\000p\000l\000e\000m\000e\000n\000t\000a\000c\000i\000\363\000n\000/\000M\000i\000g\000r\000a\000c\000i\000\363\000n}{chapter.7}% 92
\BOOKMARK [2][-]{subsection.7.3.1}{\376\377\000M\000o\000d\000e\000l\000o}{section.7.3}% 93
\BOOKMARK [2][-]{subsection.7.3.2}{\376\377\000C\000a\000s\000o}{section.7.3}% 94
\BOOKMARK [-1][-]{part.3}{\376\377\000I\000I\000I\000\040\000P\000A\000T\000R\000O\000N\000E\000S}{}% 95
\BOOKMARK [0][-]{chapter.8}{\376\377\000C\000r\000e\000a\000c\000i\000o\000n\000a\000l\000e\000s}{part.3}% 96
\BOOKMARK [1][-]{section.8.1}{\376\377\000I\000n\000t\000r\000o\000d\000u\000c\000c\000i\000\363\000n}{chapter.8}% 97
\BOOKMARK [1][-]{section.8.2}{\376\377\000N\000o\000m\000b\000r\000e}{chapter.8}% 98
\BOOKMARK [2][-]{subsection.8.2.1}{\376\377\000r\000e\000a\000l\000i\000z\000a\000c\000i\000o\000n}{section.8.2}% 99
\BOOKMARK [2][-]{subsection.8.2.2}{\376\377\000f\000u\000n\000c\000i\000o\000n\000a\000m\000i\000e\000n\000t\000o}{section.8.2}% 100
\BOOKMARK [2][-]{subsection.8.2.3}{\376\377\000e\000s\000t\000r\000u\000c\000t\000u\000r\000a}{section.8.2}% 101
\BOOKMARK [2][-]{subsection.8.2.4}{\376\377\000c\000o\000d\000i\000g\000o}{section.8.2}% 102
\BOOKMARK [0][-]{chapter.9}{\376\377\000E\000s\000t\000r\000u\000c\000t\000u\000r\000a\000l\000e\000s}{part.3}% 103
\BOOKMARK [1][-]{section.9.1}{\376\377\000I\000n\000t\000r\000o\000d\000u\000c\000c\000i\000\363\000n}{chapter.9}% 104
\BOOKMARK [1][-]{section.9.2}{\376\377\000N\000o\000m\000b\000r\000e}{chapter.9}% 105
\BOOKMARK [2][-]{subsection.9.2.1}{\376\377\000r\000e\000a\000l\000i\000z\000a\000c\000i\000o\000n}{section.9.2}% 106
\BOOKMARK [2][-]{subsection.9.2.2}{\376\377\000f\000u\000n\000c\000i\000o\000n\000a\000m\000i\000e\000n\000t\000o}{section.9.2}% 107
\BOOKMARK [2][-]{subsection.9.2.3}{\376\377\000e\000s\000t\000r\000u\000c\000t\000u\000r\000a}{section.9.2}% 108
\BOOKMARK [2][-]{subsection.9.2.4}{\376\377\000c\000o\000d\000i\000g\000o}{section.9.2}% 109
\BOOKMARK [0][-]{chapter.10}{\376\377\000C\000o\000m\000p\000o\000r\000t\000a\000m\000i\000e\000n\000t\000o}{part.3}% 110
\BOOKMARK [1][-]{section.10.1}{\376\377\000I\000n\000t\000r\000o\000d\000u\000c\000c\000i\000\363\000n}{chapter.10}% 111
\BOOKMARK [1][-]{section.10.2}{\376\377\000N\000o\000m\000b\000r\000e}{chapter.10}% 112
\BOOKMARK [2][-]{subsection.10.2.1}{\376\377\000r\000e\000a\000l\000i\000z\000a\000c\000i\000o\000n}{section.10.2}% 113
\BOOKMARK [2][-]{subsection.10.2.2}{\376\377\000f\000u\000n\000c\000i\000o\000n\000a\000m\000i\000e\000n\000t\000o}{section.10.2}% 114
\BOOKMARK [2][-]{subsection.10.2.3}{\376\377\000e\000s\000t\000r\000u\000c\000t\000u\000r\000a}{section.10.2}% 115
\BOOKMARK [2][-]{subsection.10.2.4}{\376\377\000c\000o\000d\000i\000g\000o}{section.10.2}% 116
\BOOKMARK [-1][-]{part.4}{\376\377\000I\000V\000\040\000R\000E\000F\000L\000E\000X\000I\000O\000N\000E\000S}{}% 117
